<?xml version="1.0" encoding="UTF-8"?>
<!-- Generated by org.testng.reporters.JUnitXMLReporter -->
<testsuite ignored="0" hostname="Yaminis-MacBook-Air.local" failures="0" tests="6" name="TestChrome" time="99.553" errors="0" timestamp="2022-05-25T12:02:01 PDT">
  <testcase classname="com.tekarch.salesforce.tests.AutomationScripts" name="logintest_tc1" time="5.607"/>
  <testcase classname="com.tekarch.salesforce.tests.AutomationScripts" name="logintest_tc2" time="12.904"/>
  <testcase classname="com.tekarch.salesforce.tests.AutomationScripts" name="logintest_tc3" time="13.516"/>
  <testcase classname="com.tekarch.salesforce.tests.AutomationScripts" name="logintest_tc4a" time="2.226"/>
  <testcase classname="com.tekarch.salesforce.tests.AutomationScripts" name="logintest_tc4b" time="3.464"/>
  <testcase classname="com.tekarch.salesforce.tests.AutomationScripts" name="logintest_tc5" time="17.786"/>
</testsuite> <!-- TestChrome -->
