<?xml version="1.0" encoding="UTF-8"?>
<!-- Generated by org.testng.reporters.JUnitXMLReporter -->
<testsuite hostname="LAPTOP-RMOEPEP6" ignored="0" name="TestFirefox" tests="6" failures="0" timestamp="23 May 2022 23:19:20 GMT" time="66.473" errors="0">
  <testcase name="logintest_tc1" time="0.617" classname="com.tekarch.salesforce.tests.AutomationScripts"/>
  <testcase name="logintest_tc2" time="6.363" classname="com.tekarch.salesforce.tests.AutomationScripts"/>
  <testcase name="logintest_tc3" time="7.442" classname="com.tekarch.salesforce.tests.AutomationScripts"/>
  <testcase name="logintest_tc4a" time="0.939" classname="com.tekarch.salesforce.tests.AutomationScripts"/>
  <testcase name="logintest_tc4b" time="0.369" classname="com.tekarch.salesforce.tests.AutomationScripts"/>
  <testcase name="logintest_tc5" time="5.949" classname="com.tekarch.salesforce.tests.AutomationScripts"/>
</testsuite> <!-- TestFirefox -->
