<?xml version="1.0" encoding="UTF-8"?>
<!-- Generated by org.testng.reporters.JUnitXMLReporter -->
<testsuite ignored="5" hostname="Yaminis-MacBook-Air.local" failures="0" tests="1" name="Default test" time="14.918" errors="0" timestamp="2022-05-25T12:06:40 PDT">
  <testcase classname="com.tekarch.salesforce.tests.AutomationScripts" name="logintest_tc1" time="5.801"/>
  <testcase classname="com.tekarch.salesforce.tests.AutomationScripts" name="logintest_tc4a" time="0.0">
    <ignored/>
  </testcase> <!-- logintest_tc4a -->
  <testcase classname="com.tekarch.salesforce.tests.AutomationScripts" name="logintest_tc5" time="0.0">
    <ignored/>
  </testcase> <!-- logintest_tc5 -->
  <testcase classname="com.tekarch.salesforce.tests.AutomationScripts" name="logintest_tc2" time="0.0">
    <ignored/>
  </testcase> <!-- logintest_tc2 -->
  <testcase classname="com.tekarch.salesforce.tests.AutomationScripts" name="logintest_tc3" time="0.0">
    <ignored/>
  </testcase> <!-- logintest_tc3 -->
  <testcase classname="com.tekarch.salesforce.tests.AutomationScripts" name="logintest_tc4b" time="0.0">
    <ignored/>
  </testcase> <!-- logintest_tc4b -->
</testsuite> <!-- Default test -->
