<?xml version="1.0" encoding="UTF-8"?>
<!-- Generated by org.testng.reporters.JUnitXMLReporter -->
<testsuite hostname="LAPTOP-RMOEPEP6" ignored="0" name="TestEdge" tests="6" failures="0" timestamp="23 May 2022 23:19:16 GMT" time="62.578" errors="0">
  <testcase name="logintest_tc1" time="0.863" classname="com.tekarch.salesforce.tests.AutomationScripts"/>
  <testcase name="logintest_tc2" time="5.146" classname="com.tekarch.salesforce.tests.AutomationScripts"/>
  <testcase name="logintest_tc3" time="6.816" classname="com.tekarch.salesforce.tests.AutomationScripts"/>
  <testcase name="logintest_tc4a" time="0.98" classname="com.tekarch.salesforce.tests.AutomationScripts"/>
  <testcase name="logintest_tc4b" time="0.674" classname="com.tekarch.salesforce.tests.AutomationScripts"/>
  <testcase name="logintest_tc5" time="4.742" classname="com.tekarch.salesforce.tests.AutomationScripts"/>
</testsuite> <!-- TestEdge -->
