<?xml version="1.0" encoding="UTF-8"?>
<!-- Generated by org.testng.reporters.JUnitXMLReporter -->
<testsuite ignored="0" hostname="Yaminis-MacBook-Air.local" failures="2" tests="6" name="TestChrome" time="76.121" errors="0" timestamp="2022-05-23T02:29:07 PDT">
  <testcase classname="com.tekarch.salesforce.tests.AutomationScripts" name="logintest_tc1" time="4.585"/>
  <testcase classname="com.tekarch.salesforce.tests.AutomationScripts" name="logintest_tc2" time="8.821"/>
  <testcase classname="com.tekarch.salesforce.tests.AutomationScripts" name="logintest_tc3" time="9.41"/>
  <testcase classname="com.tekarch.salesforce.tests.AutomationScripts" name="logintest_tc4a" time="2.402"/>
  <testcase classname="com.tekarch.salesforce.tests.AutomationScripts" name="logintest_tc4b" time="30.41">
    <failure type="java.lang.AssertionError" message="Expected condition failed: waiting for visibility of [[ChromeDriver: chrome on MAC (3d1b386ce094e5118b50e774d5df645e)] -&amp;gt; id: username] (tried for 30 second(s) with 500 milliseconds interval)
Build info: version: &amp;apos;4.1.4&amp;apos;, revision: &amp;apos;535d840ee2&amp;apos;
System info: host: &amp;apos;Yaminis-MacBook-Air.local&amp;apos;, ip: &amp;apos;2600:8802:180c:8c00:dcfb:454a:9884:b63%en0&amp;apos;, os.name: &amp;apos;Mac OS X&amp;apos;, os.arch: &amp;apos;x86_64&amp;apos;, os.version: &amp;apos;12.1&amp;apos;, java.version: &amp;apos;11.0.14&amp;apos;
Driver info: org.openqa.selenium.chrome.ChromeDriver
Capabilities {acceptInsecureCerts: false, browserName: chrome, browserVersion: 101.0.4951.64, chrome: {chromedriverVersion: 101.0.4951.41 (93c720db8323..., userDataDir: /var/folders/fc/qxv5mypn205...}, goog:chromeOptions: {debuggerAddress: localhost:63409}, javascriptEnabled: true, networkConnectionEnabled: false, pageLoadStrategy: normal, platform: MAC, platformName: MAC, proxy: Proxy(), se:cdp: ws://localhost:63409/devtoo..., se:cdpVersion: 101.0.4951.64, setWindowRect: true, strictFileInteractability: false, timeouts: {implicit: 0, pageLoad: 300000, script: 30000}, unhandledPromptBehavior: dismiss and notify, webauthn:extension:credBlob: true, webauthn:extension:largeBlob: true, webauthn:virtualAuthenticators: true}
Session ID: 3d1b386ce094e5118b50e774d5df645e expected [false] but found [true]">
      <![CDATA[java.lang.AssertionError: Expected condition failed: waiting for visibility of [[ChromeDriver: chrome on MAC (3d1b386ce094e5118b50e774d5df645e)] -> id: username] (tried for 30 second(s) with 500 milliseconds interval)
Build info: version: '4.1.4', revision: '535d840ee2'
System info: host: 'Yaminis-MacBook-Air.local', ip: '2600:8802:180c:8c00:dcfb:454a:9884:b63%en0', os.name: 'Mac OS X', os.arch: 'x86_64', os.version: '12.1', java.version: '11.0.14'
Driver info: org.openqa.selenium.chrome.ChromeDriver
Capabilities {acceptInsecureCerts: false, browserName: chrome, browserVersion: 101.0.4951.64, chrome: {chromedriverVersion: 101.0.4951.41 (93c720db8323..., userDataDir: /var/folders/fc/qxv5mypn205...}, goog:chromeOptions: {debuggerAddress: localhost:63409}, javascriptEnabled: true, networkConnectionEnabled: false, pageLoadStrategy: normal, platform: MAC, platformName: MAC, proxy: Proxy(), se:cdp: ws://localhost:63409/devtoo..., se:cdpVersion: 101.0.4951.64, setWindowRect: true, strictFileInteractability: false, timeouts: {implicit: 0, pageLoad: 300000, script: 30000}, unhandledPromptBehavior: dismiss and notify, webauthn:extension:credBlob: true, webauthn:extension:largeBlob: true, webauthn:virtualAuthenticators: true}
Session ID: 3d1b386ce094e5118b50e774d5df645e expected [false] but found [true]
at com.tekarch.salesforce.tests.AutomationScripts.logintest_tc4b(AutomationScripts.java:104)
at java.base/java.util.ArrayList.forEach(ArrayList.java:1541)
at java.base/java.util.concurrent.FutureTask.run(FutureTask.java:264)
at java.base/java.util.concurrent.ThreadPoolExecutor.runWorker(ThreadPoolExecutor.java:1128)
at java.base/java.util.concurrent.ThreadPoolExecutor$Worker.run(ThreadPoolExecutor.java:628)
at java.base/java.lang.Thread.run(Thread.java:829)
... Removed 21 stack frames]]>
    </failure>
  </testcase> <!-- logintest_tc4b -->
  <testcase classname="com.tekarch.salesforce.tests.AutomationScripts" name="logintest_tc4b" time="31.599">
    <failure type="java.lang.NullPointerException">
      <![CDATA[java.lang.NullPointerException
at com.tekarch.salesforce.utility.GenerateReportsListener.takeScreenShot(GenerateReportsListener.java:88)
at com.tekarch.salesforce.utility.GenerateReportsListener.onTestFailure(GenerateReportsListener.java:67)
at java.base/java.util.ArrayList.forEach(ArrayList.java:1541)
at java.base/java.util.concurrent.FutureTask.run(FutureTask.java:264)
at java.base/java.util.concurrent.ThreadPoolExecutor.runWorker(ThreadPoolExecutor.java:1128)
at java.base/java.util.concurrent.ThreadPoolExecutor$Worker.run(ThreadPoolExecutor.java:628)
at java.base/java.lang.Thread.run(Thread.java:829)
... Removed 15 stack frames]]>
    </failure>
  </testcase> <!-- logintest_tc4b -->
</testsuite> <!-- TestChrome -->
