<?xml version="1.0" encoding="UTF-8"?>
<!-- Generated by org.testng.reporters.JUnitXMLReporter -->
<testsuite ignored="0" hostname="Yaminis-MacBook-Air.local" failures="2" tests="2" name="TestSafari" time="38.645" errors="0" timestamp="2022-05-23T00:55:02 PDT">
  <testcase classname="com.tekarch.salesforce.tests.AutomationScripts" name="logintest_tc1" time="31.346">
    <failure type="java.lang.AssertionError" message="Expected condition failed: waiting for visibility of Proxy element for: DefaultElementLocator &amp;apos;By.id: error&amp;apos; (tried for 30 second(s) with 500 milliseconds interval) expected [false] but found [true]">
      <![CDATA[java.lang.AssertionError: Expected condition failed: waiting for visibility of Proxy element for: DefaultElementLocator 'By.id: error' (tried for 30 second(s) with 500 milliseconds interval) expected [false] but found [true]
at com.tekarch.salesforce.tests.AutomationScripts.logintest_tc1(AutomationScripts.java:30)
at java.base/java.util.ArrayList.forEach(ArrayList.java:1541)
at java.base/java.util.concurrent.FutureTask.run(FutureTask.java:264)
at java.base/java.util.concurrent.ThreadPoolExecutor.runWorker(ThreadPoolExecutor.java:1128)
at java.base/java.util.concurrent.ThreadPoolExecutor$Worker.run(ThreadPoolExecutor.java:628)
at java.base/java.lang.Thread.run(Thread.java:829)
... Removed 21 stack frames]]>
    </failure>
  </testcase> <!-- logintest_tc1 -->
  <testcase classname="com.tekarch.salesforce.tests.AutomationScripts" name="logintest_tc1" time="31.366">
    <failure type="java.lang.NullPointerException">
      <![CDATA[java.lang.NullPointerException
at com.tekarch.salesforce.utility.GenerateReportsListener.takeScreenShot(GenerateReportsListener.java:88)
at com.tekarch.salesforce.utility.GenerateReportsListener.onTestFailure(GenerateReportsListener.java:67)
at java.base/java.util.ArrayList.forEach(ArrayList.java:1541)
at java.base/java.util.concurrent.FutureTask.run(FutureTask.java:264)
at java.base/java.util.concurrent.ThreadPoolExecutor.runWorker(ThreadPoolExecutor.java:1128)
at java.base/java.util.concurrent.ThreadPoolExecutor$Worker.run(ThreadPoolExecutor.java:628)
at java.base/java.lang.Thread.run(Thread.java:829)
... Removed 15 stack frames]]>
    </failure>
  </testcase> <!-- logintest_tc1 -->
</testsuite> <!-- TestSafari -->
