<?xml version="1.0" encoding="UTF-8"?>
<testng-results ignored="0" total="6" passed="4" failed="2" skipped="0">
  <reporter-output>
  </reporter-output>
  <suite started-at="2022-05-23T02:30:50 PDT" name="Default suite" finished-at="2022-05-23T02:32:40 PDT" duration-ms="109711">
    <groups>
    </groups>
    <test started-at="2022-05-23T02:30:50 PDT" name="Default test" finished-at="2022-05-23T02:32:40 PDT" duration-ms="109711">
      <class name="com.tekarch.salesforce.tests.AutomationScripts">
        <test-method is-config="true" signature="setUp(java.lang.String)[pri:0, instance:com.tekarch.salesforce.tests.AutomationScripts@4d5650ae]" started-at="2022-05-23T02:30:50 PDT" name="setUp" finished-at="2022-05-23T02:30:54 PDT" duration-ms="3571" status="PASS">
          <params>
            <param index="0">
              <value>
                <![CDATA[chrome]]>
              </value>
            </param>
          </params>
          <reporter-output>
          </reporter-output>
        </test-method> <!-- setUp -->
        <test-method is-config="true" signature="beforeMethod()[pri:0, instance:com.tekarch.salesforce.tests.AutomationScripts@4d5650ae]" started-at="2022-05-23T02:30:54 PDT" name="beforeMethod" finished-at="2022-05-23T02:30:56 PDT" duration-ms="1732" status="PASS">
          <reporter-output>
          </reporter-output>
        </test-method> <!-- beforeMethod -->
        <test-method signature="logintest_tc1()[pri:0, instance:com.tekarch.salesforce.tests.AutomationScripts@4d5650ae]" started-at="2022-05-23T02:30:56 PDT" name="logintest_tc1" finished-at="2022-05-23T02:30:59 PDT" duration-ms="3659" status="PASS">
          <reporter-output>
          </reporter-output>
        </test-method> <!-- logintest_tc1 -->
        <test-method is-config="true" signature="afterMethod()[pri:0, instance:com.tekarch.salesforce.tests.AutomationScripts@4d5650ae]" started-at="2022-05-23T02:30:59 PDT" name="afterMethod" finished-at="2022-05-23T02:31:01 PDT" duration-ms="2006" status="PASS">
          <reporter-output>
          </reporter-output>
        </test-method> <!-- afterMethod -->
        <test-method is-config="true" signature="beforeMethod()[pri:0, instance:com.tekarch.salesforce.tests.AutomationScripts@4d5650ae]" started-at="2022-05-23T02:31:01 PDT" name="beforeMethod" finished-at="2022-05-23T02:31:02 PDT" duration-ms="1118" status="PASS">
          <reporter-output>
          </reporter-output>
        </test-method> <!-- beforeMethod -->
        <test-method signature="logintest_tc2()[pri:1, instance:com.tekarch.salesforce.tests.AutomationScripts@4d5650ae]" started-at="2022-05-23T02:31:02 PDT" name="logintest_tc2" finished-at="2022-05-23T02:31:11 PDT" duration-ms="8301" status="PASS">
          <reporter-output>
          </reporter-output>
        </test-method> <!-- logintest_tc2 -->
        <test-method is-config="true" signature="afterMethod()[pri:0, instance:com.tekarch.salesforce.tests.AutomationScripts@4d5650ae]" started-at="2022-05-23T02:31:11 PDT" name="afterMethod" finished-at="2022-05-23T02:31:13 PDT" duration-ms="2003" status="PASS">
          <reporter-output>
          </reporter-output>
        </test-method> <!-- afterMethod -->
        <test-method is-config="true" signature="beforeMethod()[pri:0, instance:com.tekarch.salesforce.tests.AutomationScripts@4d5650ae]" started-at="2022-05-23T02:31:13 PDT" name="beforeMethod" finished-at="2022-05-23T02:31:14 PDT" duration-ms="1441" status="PASS">
          <reporter-output>
          </reporter-output>
        </test-method> <!-- beforeMethod -->
        <test-method signature="logintest_tc3()[pri:2, instance:com.tekarch.salesforce.tests.AutomationScripts@4d5650ae]" started-at="2022-05-23T02:31:14 PDT" name="logintest_tc3" finished-at="2022-05-23T02:31:23 PDT" duration-ms="8805" status="PASS">
          <reporter-output>
          </reporter-output>
        </test-method> <!-- logintest_tc3 -->
        <test-method is-config="true" signature="afterMethod()[pri:0, instance:com.tekarch.salesforce.tests.AutomationScripts@4d5650ae]" started-at="2022-05-23T02:31:23 PDT" name="afterMethod" finished-at="2022-05-23T02:31:25 PDT" duration-ms="2008" status="PASS">
          <reporter-output>
          </reporter-output>
        </test-method> <!-- afterMethod -->
        <test-method is-config="true" signature="beforeMethod()[pri:0, instance:com.tekarch.salesforce.tests.AutomationScripts@4d5650ae]" started-at="2022-05-23T02:31:25 PDT" name="beforeMethod" finished-at="2022-05-23T02:31:26 PDT" duration-ms="1146" status="PASS">
          <reporter-output>
          </reporter-output>
        </test-method> <!-- beforeMethod -->
        <test-method signature="logintest_tc4a()[pri:3, instance:com.tekarch.salesforce.tests.AutomationScripts@4d5650ae]" started-at="2022-05-23T02:31:26 PDT" name="logintest_tc4a" finished-at="2022-05-23T02:31:28 PDT" duration-ms="2280" status="PASS">
          <reporter-output>
          </reporter-output>
        </test-method> <!-- logintest_tc4a -->
        <test-method is-config="true" signature="afterMethod()[pri:0, instance:com.tekarch.salesforce.tests.AutomationScripts@4d5650ae]" started-at="2022-05-23T02:31:28 PDT" name="afterMethod" finished-at="2022-05-23T02:31:30 PDT" duration-ms="2003" status="PASS">
          <reporter-output>
          </reporter-output>
        </test-method> <!-- afterMethod -->
        <test-method is-config="true" signature="beforeMethod()[pri:0, instance:com.tekarch.salesforce.tests.AutomationScripts@4d5650ae]" started-at="2022-05-23T02:31:30 PDT" name="beforeMethod" finished-at="2022-05-23T02:31:32 PDT" duration-ms="1120" status="PASS">
          <reporter-output>
          </reporter-output>
        </test-method> <!-- beforeMethod -->
        <test-method signature="logintest_tc4b()[pri:4, instance:com.tekarch.salesforce.tests.AutomationScripts@4d5650ae]" started-at="2022-05-23T02:31:32 PDT" name="logintest_tc4b" finished-at="2022-05-23T02:32:02 PDT" duration-ms="30457" status="FAIL">
          <exception class="java.lang.AssertionError">
            <message>
              <![CDATA[Expected condition failed: waiting for visibility of [[ChromeDriver: chrome on MAC (6a77c5a1aadd4cb5cc21ce9b27c354fe)] -> id: username] (tried for 30 second(s) with 500 milliseconds interval)
Build info: version: '4.1.4', revision: '535d840ee2'
System info: host: 'Yaminis-MacBook-Air.local', ip: '2600:8802:180c:8c00:dcfb:454a:9884:b63%en0', os.name: 'Mac OS X', os.arch: 'x86_64', os.version: '12.1', java.version: '11.0.14'
Driver info: org.openqa.selenium.chrome.ChromeDriver
Capabilities {acceptInsecureCerts: false, browserName: chrome, browserVersion: 101.0.4951.64, chrome: {chromedriverVersion: 101.0.4951.41 (93c720db8323..., userDataDir: /var/folders/fc/qxv5mypn205...}, goog:chromeOptions: {debuggerAddress: localhost:64183}, javascriptEnabled: true, networkConnectionEnabled: false, pageLoadStrategy: normal, platform: MAC, platformName: MAC, proxy: Proxy(), se:cdp: ws://localhost:64183/devtoo..., se:cdpVersion: 101.0.4951.64, setWindowRect: true, strictFileInteractability: false, timeouts: {implicit: 0, pageLoad: 300000, script: 30000}, unhandledPromptBehavior: dismiss and notify, webauthn:extension:credBlob: true, webauthn:extension:largeBlob: true, webauthn:virtualAuthenticators: true}
Session ID: 6a77c5a1aadd4cb5cc21ce9b27c354fe expected [false] but found [true]]]>
            </message>
            <full-stacktrace>
              <![CDATA[java.lang.AssertionError: Expected condition failed: waiting for visibility of [[ChromeDriver: chrome on MAC (6a77c5a1aadd4cb5cc21ce9b27c354fe)] -> id: username] (tried for 30 second(s) with 500 milliseconds interval)
Build info: version: '4.1.4', revision: '535d840ee2'
System info: host: 'Yaminis-MacBook-Air.local', ip: '2600:8802:180c:8c00:dcfb:454a:9884:b63%en0', os.name: 'Mac OS X', os.arch: 'x86_64', os.version: '12.1', java.version: '11.0.14'
Driver info: org.openqa.selenium.chrome.ChromeDriver
Capabilities {acceptInsecureCerts: false, browserName: chrome, browserVersion: 101.0.4951.64, chrome: {chromedriverVersion: 101.0.4951.41 (93c720db8323..., userDataDir: /var/folders/fc/qxv5mypn205...}, goog:chromeOptions: {debuggerAddress: localhost:64183}, javascriptEnabled: true, networkConnectionEnabled: false, pageLoadStrategy: normal, platform: MAC, platformName: MAC, proxy: Proxy(), se:cdp: ws://localhost:64183/devtoo..., se:cdpVersion: 101.0.4951.64, setWindowRect: true, strictFileInteractability: false, timeouts: {implicit: 0, pageLoad: 300000, script: 30000}, unhandledPromptBehavior: dismiss and notify, webauthn:extension:credBlob: true, webauthn:extension:largeBlob: true, webauthn:virtualAuthenticators: true}
Session ID: 6a77c5a1aadd4cb5cc21ce9b27c354fe expected [false] but found [true]
at org.testng.Assert.fail(Assert.java:99)
at org.testng.Assert.failNotEquals(Assert.java:1037)
at org.testng.Assert.assertFalse(Assert.java:67)
at com.tekarch.salesforce.tests.AutomationScripts.logintest_tc4b(AutomationScripts.java:104)
at java.base/jdk.internal.reflect.NativeMethodAccessorImpl.invoke0(Native Method)
at java.base/jdk.internal.reflect.NativeMethodAccessorImpl.invoke(NativeMethodAccessorImpl.java:62)
at java.base/jdk.internal.reflect.DelegatingMethodAccessorImpl.invoke(DelegatingMethodAccessorImpl.java:43)
at java.base/java.lang.reflect.Method.invoke(Method.java:566)
at org.testng.internal.MethodInvocationHelper.invokeMethod(MethodInvocationHelper.java:133)
at org.testng.internal.TestInvoker.invokeMethod(TestInvoker.java:598)
at org.testng.internal.TestInvoker.invokeTestMethod(TestInvoker.java:173)
at org.testng.internal.MethodRunner.runInSequence(MethodRunner.java:46)
at org.testng.internal.TestInvoker$MethodInvocationAgent.invoke(TestInvoker.java:824)
at org.testng.internal.TestInvoker.invokeTestMethods(TestInvoker.java:146)
at org.testng.internal.TestMethodWorker.invokeTestMethods(TestMethodWorker.java:146)
at org.testng.internal.TestMethodWorker.run(TestMethodWorker.java:128)
at java.base/java.util.ArrayList.forEach(ArrayList.java:1541)
at org.testng.TestRunner.privateRun(TestRunner.java:794)
at org.testng.TestRunner.run(TestRunner.java:596)
at org.testng.SuiteRunner.runTest(SuiteRunner.java:377)
at org.testng.SuiteRunner.runSequentially(SuiteRunner.java:371)
at org.testng.SuiteRunner.privateRun(SuiteRunner.java:332)
at org.testng.SuiteRunner.run(SuiteRunner.java:276)
at org.testng.SuiteRunnerWorker.runSuite(SuiteRunnerWorker.java:53)
at org.testng.SuiteRunnerWorker.run(SuiteRunnerWorker.java:96)
at org.testng.TestNG.runSuitesSequentially(TestNG.java:1212)
at org.testng.TestNG.runSuitesLocally(TestNG.java:1134)
at org.testng.TestNG.runSuites(TestNG.java:1063)
at org.testng.TestNG.run(TestNG.java:1031)
at org.testng.remote.AbstractRemoteTestNG.run(AbstractRemoteTestNG.java:115)
at org.testng.remote.RemoteTestNG.initAndRun(RemoteTestNG.java:251)
at org.testng.remote.RemoteTestNG.main(RemoteTestNG.java:77)
]]>
            </full-stacktrace>
          </exception> <!-- java.lang.AssertionError -->
          <reporter-output>
          </reporter-output>
        </test-method> <!-- logintest_tc4b -->
        <test-method is-config="true" signature="afterMethod()[pri:0, instance:com.tekarch.salesforce.tests.AutomationScripts@4d5650ae]" started-at="2022-05-23T02:32:02 PDT" name="afterMethod" finished-at="2022-05-23T02:32:04 PDT" duration-ms="2006" status="PASS">
          <reporter-output>
          </reporter-output>
        </test-method> <!-- afterMethod -->
        <test-method is-config="true" signature="beforeMethod()[pri:0, instance:com.tekarch.salesforce.tests.AutomationScripts@4d5650ae]" started-at="2022-05-23T02:32:04 PDT" name="beforeMethod" finished-at="2022-05-23T02:32:05 PDT" duration-ms="1376" status="PASS">
          <reporter-output>
          </reporter-output>
        </test-method> <!-- beforeMethod -->
        <test-method signature="logintest_tc5()[pri:5, instance:com.tekarch.salesforce.tests.AutomationScripts@4d5650ae]" started-at="2022-05-23T02:32:05 PDT" name="logintest_tc5" finished-at="2022-05-23T02:32:36 PDT" duration-ms="30395" status="FAIL">
          <exception class="java.lang.AssertionError">
            <message>
              <![CDATA[Expected condition failed: waiting for visibility of [[ChromeDriver: chrome on MAC (6a77c5a1aadd4cb5cc21ce9b27c354fe)] -> id: username] (tried for 30 second(s) with 500 milliseconds interval)
Build info: version: '4.1.4', revision: '535d840ee2'
System info: host: 'Yaminis-MacBook-Air.local', ip: '2600:8802:180c:8c00:dcfb:454a:9884:b63%en0', os.name: 'Mac OS X', os.arch: 'x86_64', os.version: '12.1', java.version: '11.0.14'
Driver info: org.openqa.selenium.chrome.ChromeDriver
Capabilities {acceptInsecureCerts: false, browserName: chrome, browserVersion: 101.0.4951.64, chrome: {chromedriverVersion: 101.0.4951.41 (93c720db8323..., userDataDir: /var/folders/fc/qxv5mypn205...}, goog:chromeOptions: {debuggerAddress: localhost:64183}, javascriptEnabled: true, networkConnectionEnabled: false, pageLoadStrategy: normal, platform: MAC, platformName: MAC, proxy: Proxy(), se:cdp: ws://localhost:64183/devtoo..., se:cdpVersion: 101.0.4951.64, setWindowRect: true, strictFileInteractability: false, timeouts: {implicit: 0, pageLoad: 300000, script: 30000}, unhandledPromptBehavior: dismiss and notify, webauthn:extension:credBlob: true, webauthn:extension:largeBlob: true, webauthn:virtualAuthenticators: true}
Session ID: 6a77c5a1aadd4cb5cc21ce9b27c354fe expected [false] but found [true]]]>
            </message>
            <full-stacktrace>
              <![CDATA[java.lang.AssertionError: Expected condition failed: waiting for visibility of [[ChromeDriver: chrome on MAC (6a77c5a1aadd4cb5cc21ce9b27c354fe)] -> id: username] (tried for 30 second(s) with 500 milliseconds interval)
Build info: version: '4.1.4', revision: '535d840ee2'
System info: host: 'Yaminis-MacBook-Air.local', ip: '2600:8802:180c:8c00:dcfb:454a:9884:b63%en0', os.name: 'Mac OS X', os.arch: 'x86_64', os.version: '12.1', java.version: '11.0.14'
Driver info: org.openqa.selenium.chrome.ChromeDriver
Capabilities {acceptInsecureCerts: false, browserName: chrome, browserVersion: 101.0.4951.64, chrome: {chromedriverVersion: 101.0.4951.41 (93c720db8323..., userDataDir: /var/folders/fc/qxv5mypn205...}, goog:chromeOptions: {debuggerAddress: localhost:64183}, javascriptEnabled: true, networkConnectionEnabled: false, pageLoadStrategy: normal, platform: MAC, platformName: MAC, proxy: Proxy(), se:cdp: ws://localhost:64183/devtoo..., se:cdpVersion: 101.0.4951.64, setWindowRect: true, strictFileInteractability: false, timeouts: {implicit: 0, pageLoad: 300000, script: 30000}, unhandledPromptBehavior: dismiss and notify, webauthn:extension:credBlob: true, webauthn:extension:largeBlob: true, webauthn:virtualAuthenticators: true}
Session ID: 6a77c5a1aadd4cb5cc21ce9b27c354fe expected [false] but found [true]
at org.testng.Assert.fail(Assert.java:99)
at org.testng.Assert.failNotEquals(Assert.java:1037)
at org.testng.Assert.assertFalse(Assert.java:67)
at com.tekarch.salesforce.tests.AutomationScripts.logintest_tc5(AutomationScripts.java:124)
at java.base/jdk.internal.reflect.NativeMethodAccessorImpl.invoke0(Native Method)
at java.base/jdk.internal.reflect.NativeMethodAccessorImpl.invoke(NativeMethodAccessorImpl.java:62)
at java.base/jdk.internal.reflect.DelegatingMethodAccessorImpl.invoke(DelegatingMethodAccessorImpl.java:43)
at java.base/java.lang.reflect.Method.invoke(Method.java:566)
at org.testng.internal.MethodInvocationHelper.invokeMethod(MethodInvocationHelper.java:133)
at org.testng.internal.TestInvoker.invokeMethod(TestInvoker.java:598)
at org.testng.internal.TestInvoker.invokeTestMethod(TestInvoker.java:173)
at org.testng.internal.MethodRunner.runInSequence(MethodRunner.java:46)
at org.testng.internal.TestInvoker$MethodInvocationAgent.invoke(TestInvoker.java:824)
at org.testng.internal.TestInvoker.invokeTestMethods(TestInvoker.java:146)
at org.testng.internal.TestMethodWorker.invokeTestMethods(TestMethodWorker.java:146)
at org.testng.internal.TestMethodWorker.run(TestMethodWorker.java:128)
at java.base/java.util.ArrayList.forEach(ArrayList.java:1541)
at org.testng.TestRunner.privateRun(TestRunner.java:794)
at org.testng.TestRunner.run(TestRunner.java:596)
at org.testng.SuiteRunner.runTest(SuiteRunner.java:377)
at org.testng.SuiteRunner.runSequentially(SuiteRunner.java:371)
at org.testng.SuiteRunner.privateRun(SuiteRunner.java:332)
at org.testng.SuiteRunner.run(SuiteRunner.java:276)
at org.testng.SuiteRunnerWorker.runSuite(SuiteRunnerWorker.java:53)
at org.testng.SuiteRunnerWorker.run(SuiteRunnerWorker.java:96)
at org.testng.TestNG.runSuitesSequentially(TestNG.java:1212)
at org.testng.TestNG.runSuitesLocally(TestNG.java:1134)
at org.testng.TestNG.runSuites(TestNG.java:1063)
at org.testng.TestNG.run(TestNG.java:1031)
at org.testng.remote.AbstractRemoteTestNG.run(AbstractRemoteTestNG.java:115)
at org.testng.remote.RemoteTestNG.initAndRun(RemoteTestNG.java:251)
at org.testng.remote.RemoteTestNG.main(RemoteTestNG.java:77)
]]>
            </full-stacktrace>
          </exception> <!-- java.lang.AssertionError -->
          <reporter-output>
          </reporter-output>
        </test-method> <!-- logintest_tc5 -->
        <test-method is-config="true" signature="afterMethod()[pri:0, instance:com.tekarch.salesforce.tests.AutomationScripts@4d5650ae]" started-at="2022-05-23T02:32:36 PDT" name="afterMethod" finished-at="2022-05-23T02:32:38 PDT" duration-ms="2002" status="PASS">
          <reporter-output>
          </reporter-output>
        </test-method> <!-- afterMethod -->
        <test-method is-config="true" signature="tearDown()[pri:0, instance:com.tekarch.salesforce.tests.AutomationScripts@4d5650ae]" started-at="2022-05-23T02:32:38 PDT" name="tearDown" finished-at="2022-05-23T02:32:40 PDT" duration-ms="2187" status="PASS">
          <reporter-output>
          </reporter-output>
        </test-method> <!-- tearDown -->
      </class> <!-- com.tekarch.salesforce.tests.AutomationScripts -->
    </test> <!-- Default test -->
  </suite> <!-- Default suite -->
</testng-results>
